{
  "stats": {
    "suites": 1,
    "tests": 1,
    "passes": 1,
    "pending": 0,
    "failures": 0,
    "start": "2021-08-13T20:10:52.846Z",
    "end": "2021-08-13T20:11:00.110Z",
    "duration": 7264,
    "testsRegistered": 1,
    "passPercent": 100,
    "pendingPercent": 0,
    "other": 0,
    "hasOther": false,
    "skipped": 0,
    "hasSkipped": false
  },
  "results": [
    {
      "uuid": "d75795d4-77e9-4d38-8f6f-8c299e8b7d07",
      "title": "",
      "fullFile": "cypress/integration/features/UI/Test1.feature",
      "file": "cypress/integration/features/UI/Test1.feature",
      "beforeHooks": [],
      "afterHooks": [],
      "tests": [],
      "suites": [
        {
          "uuid": "81fcd06a-b72f-44e0-a29c-d93654481a16",
          "title": "Navigating to Google.com and verifying title and match result keyword",
          "fullFile": "",
          "file": "",
          "beforeHooks": [],
          "afterHooks": [],
          "tests": [
            {
              "title": "Perform Search",
              "fullTitle": "Navigating to Google.com and verifying title and match result keyword Perform Search",
              "timedOut": null,
              "duration": 7124,
              "state": "passed",
              "speed": "slow",
              "pass": true,
              "fail": false,
              "pending": false,
              "context": null,
              "code": "const state = window.testState;\nreturn cy\n  .then(() => state.onStartScenario(scenario, indexedSteps))\n  .then(() =>\n    resolveAndRunBeforeHooks.call(this, scenario.tags, state.feature.name)\n  )\n  .then(() =>\n    indexedSteps.forEach((step) =>\n      stepTest.call(this, state, step, rowData)\n    )\n  )\n  .then(() => state.onFinishScenario(scenario));",
              "err": {},
              "uuid": "7409655f-4742-4039-8c92-1ba1e9bfeb16",
              "parentUUID": "81fcd06a-b72f-44e0-a29c-d93654481a16",
              "isHook": false,
              "skipped": false
            }
          ],
          "suites": [],
          "passes": [
            "7409655f-4742-4039-8c92-1ba1e9bfeb16"
          ],
          "failures": [],
          "pending": [],
          "skipped": [],
          "duration": 7124,
          "root": false,
          "rootEmpty": false,
          "_timeout": 2000
        }
      ],
      "passes": [],
      "failures": [],
      "pending": [],
      "skipped": [],
      "duration": 0,
      "root": true,
      "rootEmpty": true,
      "_timeout": 2000
    }
  ],
  "meta": {
    "mocha": {
      "version": "7.0.1"
    },
    "mochawesome": {
      "options": {
        "quiet": false,
        "reportFilename": "mochawesome",
        "saveHtml": true,
        "saveJson": true,
        "consoleReporter": "spec",
        "useInlineDiffs": false,
        "code": true
      },
      "version": "6.2.2"
    },
    "marge": {
      "options": {
        "reportDir": "reports/Test Run - 13-08-2021--14_10_20/mochawesome-report",
        "overwrite": false,
        "html": true,
        "json": true
      },
      "version": "5.2.0"
    }
  }
}