{
  "stats": {
    "suites": 1,
    "tests": 2,
    "passes": 2,
    "pending": 0,
    "failures": 0,
    "start": "2021-08-13T20:01:44.839Z",
    "end": "2021-08-13T20:01:45.268Z",
    "duration": 429,
    "testsRegistered": 2,
    "passPercent": 100,
    "pendingPercent": 0,
    "other": 0,
    "hasOther": false,
    "skipped": 0,
    "hasSkipped": false
  },
  "results": [
    {
      "uuid": "9e08a628-a167-4564-bc22-4f11eaf45432",
      "title": "",
      "fullFile": "cypress/integration/features/API/Pokemon_test.feature",
      "file": "cypress/integration/features/API/Pokemon_test.feature",
      "beforeHooks": [],
      "afterHooks": [],
      "tests": [],
      "suites": [
        {
          "uuid": "e5c1a99d-807a-4429-867d-bd4f4c20aad6",
          "title": "Pokemon GET /pokemon/{pokemon_name or id}",
          "fullFile": "",
          "file": "",
          "beforeHooks": [],
          "afterHooks": [],
          "tests": [
            {
              "title": "Fetch data for a pokemon using API and verify it",
              "fullTitle": "Pokemon GET /pokemon/{pokemon_name or id} Fetch data for a pokemon using API and verify it",
              "timedOut": null,
              "duration": 325,
              "state": "passed",
              "speed": "slow",
              "pass": true,
              "fail": false,
              "pending": false,
              "context": null,
              "code": "const state = window.testState;\nreturn cy\n  .then(() => state.onStartScenario(scenario, indexedSteps))\n  .then(() =>\n    resolveAndRunBeforeHooks.call(this, scenario.tags, state.feature.name)\n  )\n  .then(() =>\n    indexedSteps.forEach((step) =>\n      stepTest.call(this, state, step, rowData)\n    )\n  )\n  .then(() => state.onFinishScenario(scenario));",
              "err": {},
              "uuid": "7a95706a-af51-49bf-b047-20b812f52e05",
              "parentUUID": "e5c1a99d-807a-4429-867d-bd4f4c20aad6",
              "isHook": false,
              "skipped": false
            },
            {
              "title": "Fetch data for an invalid pokemon using API and verify it",
              "fullTitle": "Pokemon GET /pokemon/{pokemon_name or id} Fetch data for an invalid pokemon using API and verify it",
              "timedOut": null,
              "duration": 62,
              "state": "passed",
              "speed": "medium",
              "pass": true,
              "fail": false,
              "pending": false,
              "context": null,
              "code": "const state = window.testState;\nreturn cy\n  .then(() => state.onStartScenario(scenario, indexedSteps))\n  .then(() =>\n    resolveAndRunBeforeHooks.call(this, scenario.tags, state.feature.name)\n  )\n  .then(() =>\n    indexedSteps.forEach((step) =>\n      stepTest.call(this, state, step, rowData)\n    )\n  )\n  .then(() => state.onFinishScenario(scenario));",
              "err": {},
              "uuid": "3d881c54-77d3-40d1-bb3c-cd4b599b9555",
              "parentUUID": "e5c1a99d-807a-4429-867d-bd4f4c20aad6",
              "isHook": false,
              "skipped": false
            }
          ],
          "suites": [],
          "passes": [
            "7a95706a-af51-49bf-b047-20b812f52e05",
            "3d881c54-77d3-40d1-bb3c-cd4b599b9555"
          ],
          "failures": [],
          "pending": [],
          "skipped": [],
          "duration": 387,
          "root": false,
          "rootEmpty": false,
          "_timeout": 2000
        }
      ],
      "passes": [],
      "failures": [],
      "pending": [],
      "skipped": [],
      "duration": 0,
      "root": true,
      "rootEmpty": true,
      "_timeout": 2000
    }
  ],
  "meta": {
    "mocha": {
      "version": "7.0.1"
    },
    "mochawesome": {
      "options": {
        "quiet": false,
        "reportFilename": "mochawesome",
        "saveHtml": true,
        "saveJson": true,
        "consoleReporter": "spec",
        "useInlineDiffs": false,
        "code": true
      },
      "version": "6.2.2"
    },
    "marge": {
      "options": {
        "reportDir": "reports/Test Run - 13-08-2021--14_01_22/mochawesome-report",
        "overwrite": false,
        "html": true,
        "json": true
      },
      "version": "5.2.0"
    }
  }
}