{
  "stats": {
    "suites": 1,
    "tests": 2,
    "passes": 2,
    "pending": 0,
    "failures": 0,
    "start": "2021-08-13T20:14:31.716Z",
    "end": "2021-08-13T20:14:32.175Z",
    "duration": 459,
    "testsRegistered": 2,
    "passPercent": 100,
    "pendingPercent": 0,
    "other": 0,
    "hasOther": false,
    "skipped": 0,
    "hasSkipped": false
  },
  "results": [
    {
      "uuid": "27153a56-9ebe-4db0-9b4c-52cf90a40555",
      "title": "",
      "fullFile": "cypress/integration/features/API/Pokemon_test.feature",
      "file": "cypress/integration/features/API/Pokemon_test.feature",
      "beforeHooks": [],
      "afterHooks": [],
      "tests": [],
      "suites": [
        {
          "uuid": "a0ffc06f-38f0-4658-9694-51690fd42a62",
          "title": "Pokemon GET /pokemon/{pokemon_name or id}",
          "fullFile": "",
          "file": "",
          "beforeHooks": [],
          "afterHooks": [],
          "tests": [
            {
              "title": "Fetch data for a pokemon using API and verify it",
              "fullTitle": "Pokemon GET /pokemon/{pokemon_name or id} Fetch data for a pokemon using API and verify it",
              "timedOut": null,
              "duration": 357,
              "state": "passed",
              "speed": "slow",
              "pass": true,
              "fail": false,
              "pending": false,
              "context": null,
              "code": "const state = window.testState;\nreturn cy\n  .then(() => state.onStartScenario(scenario, indexedSteps))\n  .then(() =>\n    resolveAndRunBeforeHooks.call(this, scenario.tags, state.feature.name)\n  )\n  .then(() =>\n    indexedSteps.forEach((step) =>\n      stepTest.call(this, state, step, rowData)\n    )\n  )\n  .then(() => state.onFinishScenario(scenario));",
              "err": {},
              "uuid": "a8bafe49-912b-4e91-9eea-55a032e5ba42",
              "parentUUID": "a0ffc06f-38f0-4658-9694-51690fd42a62",
              "isHook": false,
              "skipped": false
            },
            {
              "title": "Fetch data for an invalid pokemon using API and verify it",
              "fullTitle": "Pokemon GET /pokemon/{pokemon_name or id} Fetch data for an invalid pokemon using API and verify it",
              "timedOut": null,
              "duration": 60,
              "state": "passed",
              "speed": "medium",
              "pass": true,
              "fail": false,
              "pending": false,
              "context": null,
              "code": "const state = window.testState;\nreturn cy\n  .then(() => state.onStartScenario(scenario, indexedSteps))\n  .then(() =>\n    resolveAndRunBeforeHooks.call(this, scenario.tags, state.feature.name)\n  )\n  .then(() =>\n    indexedSteps.forEach((step) =>\n      stepTest.call(this, state, step, rowData)\n    )\n  )\n  .then(() => state.onFinishScenario(scenario));",
              "err": {},
              "uuid": "254e7cf4-34b7-4af1-b151-56cd850a6dca",
              "parentUUID": "a0ffc06f-38f0-4658-9694-51690fd42a62",
              "isHook": false,
              "skipped": false
            }
          ],
          "suites": [],
          "passes": [
            "a8bafe49-912b-4e91-9eea-55a032e5ba42",
            "254e7cf4-34b7-4af1-b151-56cd850a6dca"
          ],
          "failures": [],
          "pending": [],
          "skipped": [],
          "duration": 417,
          "root": false,
          "rootEmpty": false,
          "_timeout": 2000
        }
      ],
      "passes": [],
      "failures": [],
      "pending": [],
      "skipped": [],
      "duration": 0,
      "root": true,
      "rootEmpty": true,
      "_timeout": 2000
    }
  ],
  "meta": {
    "mocha": {
      "version": "7.0.1"
    },
    "mochawesome": {
      "options": {
        "quiet": false,
        "reportFilename": "mochawesome",
        "saveHtml": true,
        "saveJson": true,
        "consoleReporter": "spec",
        "useInlineDiffs": false,
        "code": true
      },
      "version": "6.2.2"
    },
    "marge": {
      "options": {
        "reportDir": "reports/Test Run - 13-08-2021--14_14_09/mochawesome-report",
        "overwrite": false,
        "html": true,
        "json": true
      },
      "version": "5.2.0"
    }
  }
}